2020-09-16 16:43:37,309 INFO o.a.j.u.JMeterUtils: Setting Locale to en_EN
2020-09-16 16:43:37,352 INFO o.a.j.JMeter: Loading user properties from: /opt/apache-jmeter-5.3/bin/user.properties
2020-09-16 16:43:37,354 INFO o.a.j.JMeter: Loading system properties from: /opt/apache-jmeter-5.3/bin/system.properties
2020-09-16 16:43:37,357 INFO o.a.j.JMeter: Copyright (c) 1998-2020 The Apache Software Foundation
2020-09-16 16:43:37,358 INFO o.a.j.JMeter: Version 5.3
2020-09-16 16:43:37,359 INFO o.a.j.JMeter: java.version=1.8.0_252
2020-09-16 16:43:37,359 INFO o.a.j.JMeter: java.vm.name=OpenJDK 64-Bit Server VM
2020-09-16 16:43:37,360 INFO o.a.j.JMeter: os.name=Linux
2020-09-16 16:43:37,360 INFO o.a.j.JMeter: os.arch=amd64
2020-09-16 16:43:37,361 INFO o.a.j.JMeter: os.version=4.19.76-linuxkit
2020-09-16 16:43:37,361 INFO o.a.j.JMeter: file.encoding=UTF-8
2020-09-16 16:43:37,362 INFO o.a.j.JMeter: java.awt.headless=true
2020-09-16 16:43:37,362 INFO o.a.j.JMeter: Max memory     =184549376
2020-09-16 16:43:37,364 INFO o.a.j.JMeter: Available Processors =4
2020-09-16 16:43:37,376 INFO o.a.j.JMeter: Default Locale=English (EN)
2020-09-16 16:43:37,381 INFO o.a.j.JMeter: JMeter  Locale=English (EN)
2020-09-16 16:43:37,384 INFO o.a.j.JMeter: JMeterHome=/opt/apache-jmeter-5.3
2020-09-16 16:43:37,384 INFO o.a.j.JMeter: user.dir  =/Users/jesusrodriguezmiranda/Documents/Projects/MUY/MessageQueue/activemq
2020-09-16 16:43:37,385 INFO o.a.j.JMeter: PWD       =/Users/jesusrodriguezmiranda/Documents/Projects/MUY/MessageQueue/activemq
2020-09-16 16:43:37,386 INFO o.a.j.JMeter: IP: 172.17.0.3 Name: cedb71c9bc14 FullName: cedb71c9bc14
